2023-08-12 10:25:46.046  WARN 56152 --- [HikariPool-1 housekeeper] com.zaxxer.hikari.pool.HikariPool        : HikariPool-1 - Thread starvation or clock leap detected (housekeeper delta=11h26m2s829ms291µs500ns).
2023-08-12 11:11:52.137  INFO 56152 --- [Thread-6] o.s.s.concurrent.ThreadPoolTaskExecutor  : Shutting down ExecutorService 'applicationTaskExecutor'
2023-08-12 11:11:52.141  INFO 56152 --- [Thread-6] com.zaxxer.hikari.HikariDataSource       : HikariPool-1 - Shutdown initiated...
2023-08-12 11:11:52.146  INFO 56152 --- [Thread-6] com.zaxxer.hikari.HikariDataSource       : HikariPool-1 - Shutdown completed.
2023-08-12 11:11:58.358  INFO 30420 --- [main] com.example.Application                  : Starting Application on DESKTOP-PIECBM8 with PID 30420 (D:\project\GitHub\Shujuku-program-design\bs_xsxk\target\classes started by 28044 in D:\project\GitHub\Shujuku-program-design\bs_xsxk)
2023-08-12 11:11:58.374  INFO 30420 --- [main] com.example.Application                  : No active profile set, falling back to default profiles: default
2023-08-12 11:11:58.733  WARN 30420 --- [main] o.m.s.mapper.ClassPathMapperScanner      : No MyBatis mapper was found in '[com.example]' package. Please check your configuration.
2023-08-12 11:11:59.086  INFO 30420 --- [main] o.s.b.w.embedded.tomcat.TomcatWebServer  : Tomcat initialized with port(s): 8888 (http)
2023-08-12 11:11:59.097  INFO 30420 --- [main] o.apache.catalina.core.StandardService   : Starting service [Tomcat]
2023-08-12 11:11:59.098  INFO 30420 --- [main] org.apache.catalina.core.StandardEngine  : Starting Servlet Engine: Apache Tomcat/9.0.12
2023-08-12 11:11:59.102  INFO 30420 --- [main] o.a.catalina.core.AprLifecycleListener   : The APR based Apache Tomcat Native library which allows optimal performance in production environments was not found on the java.library.path: [C:\Program Files\Java\jdk1.8.0_333\bin;C:\WINDOWS\Sun\Java\bin;C:\WINDOWS\system32;C:\WINDOWS;C:\Program Files\Java\jdk1.8.0_333\bin;C:\Program Files\Java\jdk1.8.0_333\jre\bin;";C:\Windows\System32;C:\Windows;C:\Windows\System32\Wbem;C:\Windows\System32\WindowsPowerShell\v1.0\;C:\Windows\system32\OpenSSH\;C:\Program Files (x86)\NVIDIA Corporation\PhysX\Common;C:\Program Files\NVIDIA Corporation\NVIDIA NvDLISR;C:\Program Files\Microsoft SQL Server\130\Tools\Binn\;C:\Program Files\dotnet\;C:\Program Files\Microsoft SQL Server\150\Tools\Binn\;C:\Program Files\Microsoft SQL Server\Client SDK\ODBC\170\Tools\Binn\;C:\Program Files\Git\cmd";C:\Program Files\MySQL\MySQL Server 8.0\bin;C:\Users\28044\AppData\Local\Programs\Python\Python310\Scripts\;C:\Users\28044\AppData\Local\Programs\Python\Python310\;C:\WINDOWS\system32;C:\WINDOWS;C:\WINDOWS\System32\Wbem;C:\WINDOWS\System32\WindowsPowerShell\v1.0\;C:\WINDOWS\System32\OpenSSH\;C:\Program Files\nodejs\;C:\Users\28044\AppData\Roaming\nvm;C:\Program Files\nodejs;C:\Program Files\Redis\;D:\StudyProgramInstall\学习软件安装文件夹\;D:\StudyProgramInstall\Xftp7\;C:\Program Files\MySQL\MySQL Shell 8.0\bin\;C:\Users\28044\AppData\Local\Microsoft\WindowsApps;C:\Program Files\Bandizip\;D:\学习软件安装\Microsoft VS Code\bin;C:\Program Files\JetBrains\IntelliJ IDEA 2022.1.3\bin;;C:\Users\28044\.dotnet\tools;D:\QQGameTempest\Hall.57915\;C:\Program Files\JetBrains\PyCharm Community Edition 2022.3.3\bin;;C:\Users\28044\AppData\Local\Programs\Python\Python310\Scripts\;C:\Users\28044\AppData\Local\Programs\Python\Python310\;C:\Program Files\MySQL\MySQL Server 8.0\bin;C:\Users\28044\AppData\Roaming\npm;C:\Users\28044\AppData\Roaming\nvm;C:\Program Files\nodejs;C:\Users\28044\AppData\Local\GitHubDesktop\bin;.]
2023-08-12 11:11:59.165  INFO 30420 --- [main] o.a.c.c.C.[Tomcat].[localhost].[/]       : Initializing Spring embedded WebApplicationContext
2023-08-12 11:11:59.166  INFO 30420 --- [main] o.s.web.context.ContextLoader            : Root WebApplicationContext: initialization completed in 761 ms
2023-08-12 11:11:59.180  INFO 30420 --- [main] o.s.b.w.servlet.ServletRegistrationBean  : Servlet dispatcherServlet mapped to [/]
2023-08-12 11:11:59.183  INFO 30420 --- [main] o.s.b.w.servlet.FilterRegistrationBean   : Mapping filter: 'characterEncodingFilter' to: [/*]
2023-08-12 11:11:59.183  INFO 30420 --- [main] o.s.b.w.servlet.FilterRegistrationBean   : Mapping filter: 'hiddenHttpMethodFilter' to: [/*]
2023-08-12 11:11:59.183  INFO 30420 --- [main] o.s.b.w.servlet.FilterRegistrationBean   : Mapping filter: 'formContentFilter' to: [/*]
2023-08-12 11:11:59.183  INFO 30420 --- [main] o.s.b.w.servlet.FilterRegistrationBean   : Mapping filter: 'requestContextFilter' to: [/*]
2023-08-12 11:11:59.627  INFO 30420 --- [main] o.s.s.concurrent.ThreadPoolTaskExecutor  : Initializing ExecutorService 'applicationTaskExecutor'
2023-08-12 11:11:59.782  INFO 30420 --- [main] o.s.b.w.embedded.tomcat.TomcatWebServer  : Tomcat started on port(s): 8888 (http) with context path ''
2023-08-12 11:11:59.784  INFO 30420 --- [main] com.example.Application                  : Started Application in 1.679 seconds (JVM running for 2.59)
2023-08-12 11:11:59.786  INFO 30420 --- [main] com.example.common.config.OpenBrowser    : 项目启动成功……
2023-08-12 11:12:00.084  INFO 30420 --- [http-nio-8888-exec-1] o.a.c.c.C.[Tomcat].[localhost].[/]       : Initializing Spring DispatcherServlet 'dispatcherServlet'
2023-08-12 11:12:00.084  INFO 30420 --- [http-nio-8888-exec-1] o.s.web.servlet.DispatcherServlet        : Initializing Servlet 'dispatcherServlet'
2023-08-12 11:12:00.092  INFO 30420 --- [http-nio-8888-exec-1] o.s.web.servlet.DispatcherServlet        : Completed initialization in 8 ms
2023-08-12 11:12:03.278  INFO 30420 --- [http-nio-8888-exec-3] com.zaxxer.hikari.HikariDataSource       : HikariPool-1 - Starting...
2023-08-12 11:12:03.341  INFO 30420 --- [http-nio-8888-exec-3] com.zaxxer.hikari.HikariDataSource       : HikariPool-1 - Start completed.
